<?xml version="1.0" encoding="UTF-8"?>
<!-- Generated by org.testng.reporters.JUnitReportReporter -->
<testsuite hostname="DESKTOP-GVBU8O4" failures="0" tests="1" name="Demo.Ajio" time="41.373" errors="0" timestamp="2023-07-19T13:15:36 IST" skipped="0">
  <testcase classname="Demo.Ajio" name="ajiotest" time="41.373"/>
  <system-out/>
</testsuite> <!-- Demo.Ajio -->
