<?xml version="1.0" encoding="UTF-8"?>
<!-- Generated by org.testng.reporters.JUnitReportReporter -->
<testsuite hostname="DESKTOP-GVBU8O4" failures="0" tests="1" name="Demo.Amzon" time="44.937" errors="0" timestamp="2023-07-19T13:15:36 IST" skipped="0">
  <testcase classname="Demo.Amzon" name="amzontet" time="44.937"/>
  <system-out/>
</testsuite> <!-- Demo.Amzon -->
